2021-09-07 01:22:31.172  INFO 10076 --- [main] d.p.SchoolManagementApplicationTests     : Starting SchoolManagementApplicationTests using Java 15.0.1 on DESKTOP-QRMQ236 with PID 10076 (started by Harun Murad BULUT in C:\Users\Harun Murad BULUT\Desktop\fourth-homework-bulutharunmurat\SchoolManagement)
2021-09-07 01:22:31.214  INFO 10076 --- [main] d.p.SchoolManagementApplicationTests     : No active profile set, falling back to default profiles: default
2021-09-07 01:22:37.014  INFO 10076 --- [main] .s.d.r.c.RepositoryConfigurationDelegate : Bootstrapping Spring Data JPA repositories in DEFAULT mode.
2021-09-07 01:22:37.396  INFO 10076 --- [main] .s.d.r.c.RepositoryConfigurationDelegate : Finished Spring Data repository scanning in 349 ms. Found 4 JPA repository interfaces.
2021-09-07 01:22:39.745  INFO 10076 --- [main] o.hibernate.jpa.internal.util.LogHelper  : HHH000204: Processing PersistenceUnitInfo [name: default]
2021-09-07 01:22:40.033  INFO 10076 --- [main] org.hibernate.Version                    : HHH000412: Hibernate ORM core version 5.4.32.Final
2021-09-07 01:22:40.704  INFO 10076 --- [main] o.hibernate.annotations.common.Version   : HCANN000001: Hibernate Commons Annotations {5.1.2.Final}
2021-09-07 01:22:41.432  INFO 10076 --- [main] com.zaxxer.hikari.HikariDataSource       : HikariPool-1 - Starting...
2021-09-07 01:22:42.166  INFO 10076 --- [main] com.zaxxer.hikari.HikariDataSource       : HikariPool-1 - Start completed.
2021-09-07 01:22:42.247  INFO 10076 --- [main] org.hibernate.dialect.Dialect            : HHH000400: Using dialect: org.hibernate.dialect.MySQL5Dialect
2021-09-07 01:22:46.067  INFO 10076 --- [main] o.h.e.t.j.p.i.JtaPlatformInitiator       : HHH000490: Using JtaPlatform implementation: [org.hibernate.engine.transaction.jta.platform.internal.NoJtaPlatform]
2021-09-07 01:22:46.104  INFO 10076 --- [main] j.LocalContainerEntityManagerFactoryBean : Initialized JPA EntityManagerFactory for persistence unit 'default'
2021-09-07 01:22:49.594  WARN 10076 --- [main] JpaBaseConfiguration$JpaWebConfiguration : spring.jpa.open-in-view is enabled by default. Therefore, database queries may be performed during view rendering. Explicitly configure spring.jpa.open-in-view to disable this warning
2021-09-07 01:22:51.252  INFO 10076 --- [main] o.s.b.a.e.web.EndpointLinksResolver      : Exposing 1 endpoint(s) beneath base path '/actuator'
2021-09-07 01:22:51.902  INFO 10076 --- [main] pertySourcedRequestMappingHandlerMapping : Mapped URL path [/v2/api-docs] onto method [springfox.documentation.swagger2.web.Swagger2Controller#getDocumentation(String, HttpServletRequest)]
2021-09-07 01:22:54.492  INFO 10076 --- [main] d.s.w.p.DocumentationPluginsBootstrapper : Context refreshed
2021-09-07 01:22:54.580  INFO 10076 --- [main] d.s.w.p.DocumentationPluginsBootstrapper : Found 1 custom documentation plugin(s)
2021-09-07 01:22:54.780  INFO 10076 --- [main] s.d.s.w.s.ApiListingReferenceScanner     : Scanning for api listing references
2021-09-07 01:22:55.717  INFO 10076 --- [main] .d.s.w.r.o.CachingOperationNameGenerator : Generating unique operation named: handleUsingGET_1
2021-09-07 01:22:55.815  INFO 10076 --- [main] .d.s.w.r.o.CachingOperationNameGenerator : Generating unique operation named: findAllUsingGET_1
2021-09-07 01:22:55.829  INFO 10076 --- [main] .d.s.w.r.o.CachingOperationNameGenerator : Generating unique operation named: findByNameContainingUsingGET_1
2021-09-07 01:22:56.029  INFO 10076 --- [main] .d.s.w.r.o.CachingOperationNameGenerator : Generating unique operation named: findAllUsingGET_2
2021-09-07 01:22:56.047  INFO 10076 --- [main] .d.s.w.r.o.CachingOperationNameGenerator : Generating unique operation named: findByNameContainingUsingGET_2
2021-09-07 01:22:56.266  INFO 10076 --- [main] d.p.SchoolManagementApplicationTests     : Started SchoolManagementApplicationTests in 26.405 seconds (JVM running for 30.03)
2021-09-07 01:22:57.300  INFO 10076 --- [SpringApplicationShutdownHook] j.LocalContainerEntityManagerFactoryBean : Closing JPA EntityManagerFactory for persistence unit 'default'
2021-09-07 01:22:57.306  INFO 10076 --- [SpringApplicationShutdownHook] com.zaxxer.hikari.HikariDataSource       : HikariPool-1 - Shutdown initiated...
2021-09-07 01:22:57.343  INFO 10076 --- [SpringApplicationShutdownHook] com.zaxxer.hikari.HikariDataSource       : HikariPool-1 - Shutdown completed.
2021-09-07 02:13:14.471  INFO 20496 --- [main] d.p.SchoolManagementApplicationTests     : Starting SchoolManagementApplicationTests using Java 15.0.1 on DESKTOP-QRMQ236 with PID 20496 (started by Harun Murad BULUT in C:\Users\Harun Murad BULUT\Desktop\fourth-homework-bulutharunmurat\SchoolManagement)
2021-09-07 02:13:14.489  INFO 20496 --- [main] d.p.SchoolManagementApplicationTests     : No active profile set, falling back to default profiles: default
2021-09-07 02:13:20.045  INFO 20496 --- [main] .s.d.r.c.RepositoryConfigurationDelegate : Bootstrapping Spring Data JPA repositories in DEFAULT mode.
2021-09-07 02:13:20.376  INFO 20496 --- [main] .s.d.r.c.RepositoryConfigurationDelegate : Finished Spring Data repository scanning in 298 ms. Found 4 JPA repository interfaces.
2021-09-07 02:13:23.422  INFO 20496 --- [main] o.hibernate.jpa.internal.util.LogHelper  : HHH000204: Processing PersistenceUnitInfo [name: default]
2021-09-07 02:13:23.703  INFO 20496 --- [main] org.hibernate.Version                    : HHH000412: Hibernate ORM core version 5.4.32.Final
2021-09-07 02:13:24.368  INFO 20496 --- [main] o.hibernate.annotations.common.Version   : HCANN000001: Hibernate Commons Annotations {5.1.2.Final}
2021-09-07 02:13:25.025  INFO 20496 --- [main] com.zaxxer.hikari.HikariDataSource       : HikariPool-1 - Starting...
2021-09-07 02:13:25.886  INFO 20496 --- [main] com.zaxxer.hikari.HikariDataSource       : HikariPool-1 - Start completed.
2021-09-07 02:13:25.961  INFO 20496 --- [main] org.hibernate.dialect.Dialect            : HHH000400: Using dialect: org.hibernate.dialect.MySQL5Dialect
2021-09-07 02:13:29.657  INFO 20496 --- [main] o.h.e.t.j.p.i.JtaPlatformInitiator       : HHH000490: Using JtaPlatform implementation: [org.hibernate.engine.transaction.jta.platform.internal.NoJtaPlatform]
2021-09-07 02:13:29.687  INFO 20496 --- [main] j.LocalContainerEntityManagerFactoryBean : Initialized JPA EntityManagerFactory for persistence unit 'default'
2021-09-07 02:13:33.690  WARN 20496 --- [main] JpaBaseConfiguration$JpaWebConfiguration : spring.jpa.open-in-view is enabled by default. Therefore, database queries may be performed during view rendering. Explicitly configure spring.jpa.open-in-view to disable this warning
2021-09-07 02:13:35.848  INFO 20496 --- [main] o.s.b.a.e.web.EndpointLinksResolver      : Exposing 1 endpoint(s) beneath base path '/actuator'
2021-09-07 02:13:36.621  INFO 20496 --- [main] pertySourcedRequestMappingHandlerMapping : Mapped URL path [/v2/api-docs] onto method [springfox.documentation.swagger2.web.Swagger2Controller#getDocumentation(String, HttpServletRequest)]
2021-09-07 02:13:39.347  INFO 20496 --- [main] d.s.w.p.DocumentationPluginsBootstrapper : Context refreshed
2021-09-07 02:13:39.459  INFO 20496 --- [main] d.s.w.p.DocumentationPluginsBootstrapper : Found 1 custom documentation plugin(s)
2021-09-07 02:13:39.584  INFO 20496 --- [main] s.d.s.w.s.ApiListingReferenceScanner     : Scanning for api listing references
2021-09-07 02:13:40.487  INFO 20496 --- [main] .d.s.w.r.o.CachingOperationNameGenerator : Generating unique operation named: handleUsingGET_1
2021-09-07 02:13:40.558  INFO 20496 --- [main] .d.s.w.r.o.CachingOperationNameGenerator : Generating unique operation named: findAllUsingGET_1
2021-09-07 02:13:40.571  INFO 20496 --- [main] .d.s.w.r.o.CachingOperationNameGenerator : Generating unique operation named: findByNameContainingUsingGET_1
2021-09-07 02:13:40.697  INFO 20496 --- [main] .d.s.w.r.o.CachingOperationNameGenerator : Generating unique operation named: findAllUsingGET_2
2021-09-07 02:13:40.709  INFO 20496 --- [main] .d.s.w.r.o.CachingOperationNameGenerator : Generating unique operation named: findByNameContainingUsingGET_2
2021-09-07 02:13:40.908  INFO 20496 --- [main] d.p.SchoolManagementApplicationTests     : Started SchoolManagementApplicationTests in 27.74 seconds (JVM running for 31.244)
2021-09-07 02:13:42.080  INFO 20496 --- [SpringApplicationShutdownHook] j.LocalContainerEntityManagerFactoryBean : Closing JPA EntityManagerFactory for persistence unit 'default'
2021-09-07 02:13:42.087  INFO 20496 --- [SpringApplicationShutdownHook] com.zaxxer.hikari.HikariDataSource       : HikariPool-1 - Shutdown initiated...
2021-09-07 02:13:42.125  INFO 20496 --- [SpringApplicationShutdownHook] com.zaxxer.hikari.HikariDataSource       : HikariPool-1 - Shutdown completed.
